Arguments: 
  C:\Program Files\nodejs\node.exe C:\Users\T-Gamer\AppData\Roaming\npm\node_modules\yarn\bin\yarn.js add gatsby-plugin-scroll-reveal

PATH: 
  C:\Python310\Scripts\;C:\Python310\;C:\Program Files\NVIDIA GPU Computing Toolkit\CUDA\v11.2\bin;C:\Program Files\NVIDIA GPU Computing Toolkit\CUDA\v11.2\libnvvp;C:\ProgramData\Anaconda3;C:\ProgramData\Anaconda3\Library\mingw-w64\bin;C:\ProgramData\Anaconda3\Library\usr\bin;C:\ProgramData\Anaconda3\Library\bin;C:\ProgramData\Anaconda3\Scripts;C:\Program Files (x86)\Common Files\Oracle\Java\javapath;C:\Windows\system32;C:\Windows;C:\Windows\System32\Wbem;C:\Windows\System32\WindowsPowerShell\v1.0\;C:\Windows\System32\OpenSSH\;C:\Program Files (x86)\NVIDIA Corporation\PhysX\Common;C:\Program Files\dotnet\;C:\Program Files\Microsoft SQL Server\130\Tools\Binn\;C:\Program Files\Microsoft SQL Server\Client SDK\ODBC\170\Tools\Binn\;C:\Program Files\NVIDIA Corporation\Nsight Compute 2020.3.1\;C:\Program Files\NVIDIA Corporation\NVIDIA NvDLISR;C:\Program Files\Git\cmd;C:\ProgramData\chocolatey\bin;C:\Program Files\nodejs\;C:\Ruby30-x64\bin;C:\Users\T-Gamer\AppData\Local\Microsoft\WindowsApps;;C:\Users\T-Gamer\AppData\Local\Programs\Microsoft VS Code\bin;C:\Users\T-Gamer\.dotnet\tools;C:\Users\T-Gamer\AppData\Roaming\npm

Yarn version: 
  1.22.17

Node version: 
  16.13.0

Platform: 
  win32 x64

Trace: 
  Error: EPERM: operation not permitted, unlink 'C:\Web_dev\portfoliows\node_modules\lmdb-store\prebuilds\win32-x64\node.abi93.node'

npm manifest: 
  {
    "name": "portfolio",
    "version": "1.0.0",
    "private": true,
    "description": "Portfolio",
    "author": "mothitup",
    "keywords": [
      "gatsby"
    ],
    "scripts": {
      "develop": "gatsby develop",
      "start": "gatsby develop",
      "build": "gatsby build",
      "serve": "gatsby serve",
      "clean": "gatsby clean"
    },
    "dependencies": {
      "@fortawesome/fontawesome-svg-core": "^1.2.36",
      "@fortawesome/free-brands-svg-icons": "^5.15.4",
      "@fortawesome/free-solid-svg-icons": "^5.15.4",
      "@fortawesome/react-fontawesome": "^0.1.16",
      "babel-plugin-styled-components": "^2.0.2",
      "gatsby": "^4.4.0",
      "gatsby-plugin-smoothscroll": "^1.2.0",
      "gatsby-plugin-styled-components": "^5.4.0",
      "react": "^17.0.1",
      "react-dom": "^17.0.1",
      "smooth-scroll": "^16.1.3",
      "styled-components": "^5.3.3"
    }
  }

yarn manifest: 
  No manifest

Lockfile: 
  No lockfile
